<?xml version="1.0" encoding="UTF-8" ?>
<testsuite tests="14" failures="0" name="com.gisoft.gildedrose.classes.GildedRoseTest" time="0.021" errors="0" skipped="0">
  <properties>
[...]
</properties>
  <testcase classname="com.gisoft.gildedrose.classes.GildedRoseTest" name="testItemSufurasLegendary" time="0.014"/>
  <testcase classname="com.gisoft.gildedrose.classes.GildedRoseTest" name="testConjuredAlternativeQualityWhenSellInZero" time="0"/>
  <testcase classname="com.gisoft.gildedrose.classes.GildedRoseTest" name="testNormalItemZeroQuality" time="0.002"/>
  <testcase classname="com.gisoft.gildedrose.classes.GildedRoseTest" name="testNormalItemDoubleDecrementQuality" time="0"/>
  <testcase classname="com.gisoft.gildedrose.classes.GildedRoseTest" name="testBackstageTripleIncrementQuality" time="0"/>
  <testcase classname="com.gisoft.gildedrose.classes.GildedRoseTest" name="testConjuredNonZeroQuality" time="0"/>
  <testcase classname="com.gisoft.gildedrose.classes.GildedRoseTest" name="testNormalItemDecrementQuality" time="0.001"/>
  <testcase classname="com.gisoft.gildedrose.classes.GildedRoseTest" name="testBackstageZeroQuality" time="0"/>
  <testcase classname="com.gisoft.gildedrose.classes.GildedRoseTest" name="testbackstageIncrementsQuality" time="0.001"/>
  <testcase classname="com.gisoft.gildedrose.classes.GildedRoseTest" name="testConjuredQualityWhenSellInZero" time="0"/>
  <testcase classname="com.gisoft.gildedrose.classes.GildedRoseTest" name="testConjuredDecrementQuality" time="0.001"/>
  <testcase classname="com.gisoft.gildedrose.classes.GildedRoseTest" name="testbackstageDoubleIncrementQuality" time="0"/>
  <testcase classname="com.gisoft.gildedrose.classes.GildedRoseTest" name="testItemNoGreaterThan50" time="0.001"/>
  <testcase classname="com.gisoft.gildedrose.classes.GildedRoseTest" name="testConjuredAlternativeNonZeroQuality" time="0.001"/>
</testsuite>